TN:
SF:app.js
FN:17,(anonymous_0)
FN:18,(anonymous_1)
FN:35,(anonymous_2)
FN:41,(anonymous_3)
FN:47,(anonymous_4)
FNF:5
FNH:1
FNDA:1,(anonymous_0)
FNDA:0,(anonymous_1)
FNDA:0,(anonymous_2)
FNDA:0,(anonymous_3)
FNDA:0,(anonymous_4)
DA:1,1
DA:2,1
DA:3,1
DA:4,1
DA:5,1
DA:8,1
DA:10,1
DA:13,1
DA:17,1
DA:18,0
DA:21,1
DA:25,1
DA:26,1
DA:29,1
DA:32,1
DA:35,1
DA:36,0
DA:37,0
DA:41,1
DA:42,0
DA:46,1
DA:47,0
DA:48,0
DA:52,1
LF:24
LH:18
BRDA:46,0,0,0
BRDA:46,0,1,1
BRF:2
BRH:1
end_of_record
TN:
SF:config\index.js
FNF:0
FNH:0
DA:1,1
DA:2,1
DA:5,1
DA:9,1
DA:13,1
DA:29,1
LF:6
LH:6
BRDA:5,0,0,1
BRDA:5,0,1,0
BRDA:14,1,0,1
BRDA:14,1,1,0
BRDA:15,2,0,1
BRDA:15,2,1,0
BRDA:20,3,0,1
BRDA:20,3,1,0
BRDA:21,4,0,1
BRDA:21,4,1,0
BRDA:24,5,0,1
BRDA:24,5,1,0
BRDA:25,6,0,1
BRDA:25,6,1,0
BRF:14
BRH:7
end_of_record
TN:
SF:controllers\newsController.js
FN:4,(anonymous_0)
FN:21,(anonymous_1)
FN:35,(anonymous_2)
FN:50,(anonymous_3)
FN:72,(anonymous_4)
FNF:5
FNH:5
FNDA:3,(anonymous_0)
FNDA:2,(anonymous_1)
FNDA:3,(anonymous_2)
FNDA:3,(anonymous_3)
FNDA:2,(anonymous_4)
DA:1,1
DA:4,1
DA:5,3
DA:6,3
DA:7,3
DA:9,3
DA:13,2
DA:15,1
DA:16,1
DA:21,1
DA:22,2
DA:23,2
DA:24,2
DA:25,1
DA:27,1
DA:29,0
DA:30,0
DA:35,1
DA:36,3
DA:37,3
DA:38,3
DA:39,1
DA:41,2
DA:42,2
DA:43,2
DA:45,0
DA:50,1
DA:51,3
DA:52,3
DA:58,2
DA:59,1
DA:61,1
DA:63,1
DA:64,1
DA:65,1
DA:67,0
DA:72,1
DA:73,2
DA:74,2
DA:75,2
DA:76,1
DA:78,1
DA:80,0
DA:81,0
LF:44
LH:38
BRDA:7,0,0,1
BRDA:7,0,1,2
BRDA:24,1,0,1
BRDA:24,1,1,1
BRDA:42,2,0,2
BRDA:42,2,1,0
BRDA:58,3,0,1
BRDA:58,3,1,1
BRDA:64,4,0,1
BRDA:64,4,1,0
BRDA:75,5,0,1
BRDA:75,5,1,1
BRF:12
BRH:10
end_of_record
TN:
SF:middleware\auth.js
FN:4,(anonymous_0)
FNF:1
FNH:1
FNDA:8,(anonymous_0)
DA:1,1
DA:2,1
DA:4,1
DA:6,8
DA:7,8
DA:10,0
DA:11,0
DA:13,0
DA:14,0
DA:17,0
DA:18,0
DA:19,0
DA:21,0
DA:25,1
LF:14
LH:6
BRDA:6,0,0,8
BRDA:6,0,1,0
BRDA:13,1,0,0
BRDA:13,1,1,0
BRF:4
BRH:1
end_of_record
TN:
SF:middleware\rateLimiter.js
FNF:0
FNH:0
DA:1,1
DA:2,1
DA:5,1
DA:13,1
DA:22,1
DA:30,1
LF:6
LH:6
BRF:0
BRH:0
end_of_record
TN:
SF:models\News.js
FNF:0
FNH:0
DA:1,1
DA:3,1
DA:48,1
DA:49,1
DA:51,1
DA:53,1
LF:6
LH:6
BRF:0
BRH:0
end_of_record
TN:
SF:routes\newsRoutes.js
FNF:0
FNH:0
DA:1,1
DA:2,1
DA:3,1
DA:4,1
DA:7,1
DA:8,1
DA:11,1
DA:12,1
DA:13,1
DA:15,1
LF:10
LH:10
BRF:0
BRH:0
end_of_record
